mobile/build/app/intermediates/manifest_merge_blame_file/debug/manifest-merger-blame-debug-report.txt
1<?xml version="1.0" encoding="utf-8"?>
2<manifest xmlns:android="http://schemas.android.com/apk/res/android"
3    package="com.example.food_express"
4    android:versionCode="1"
5    android:versionName="1.0.0" >
6
7    <uses-sdk
8        android:minSdkVersion="19"
9        android:targetSdkVersion="33" />
10    <!--
11         The INTERNET permission is required for development. Specifically,
12         the Flutter tool needs it to communicate with the running application
13         to allow setting breakpoints, to provide hot reload, etc.
14    -->
15    <uses-permission android:name="android.permission.INTERNET" />
15-->src/debug/AndroidManifest.xml:6:5-66
15-->src/debug/AndroidManifest.xml:6:22-64
16    <uses-permission android:name="android.permission.ACCESS_NETWORK_STATE" />
16-->[:firebase_analytics] AndroidManifest.xml:9:5-79
16-->[:firebase_analytics] AndroidManifest.xml:9:22-76
17    <uses-permission android:name="android.permission.WAKE_LOCK" /> <!-- Permissions options for the `notification` group -->
17-->[:firebase_analytics] AndroidManifest.xml:11:5-68
17-->[:firebase_analytics] AndroidManifest.xml:11:22-65
18    <uses-permission android:name="android.permission.POST_NOTIFICATIONS" />
18-->[:firebase_messaging] AndroidManifest.xml:13:5-77
18-->[:firebase_messaging] AndroidManifest.xml:13:22-74
19    <uses-permission android:name="android.permission.RECEIVE_BOOT_COMPLETED" />
19-->[:flutter_local_notifications] AndroidManifest.xml:9:5-81
19-->[:flutter_local_notifications] AndroidManifest.xml:9:22-78
20    <uses-permission android:name="android.permission.VIBRATE" />
20-->[:flutter_local_notifications] AndroidManifest.xml:10:5-66
20-->[:flutter_local_notifications] AndroidManifest.xml:10:22-63
21    <uses-permission android:name="android.permission.USE_FULL_SCREEN_INTENT" />
21-->[:flutter_local_notifications] AndroidManifest.xml:11:5-81
21-->[:flutter_local_notifications] AndroidManifest.xml:11:22-78
22    <uses-permission android:name="android.permission.SCHEDULE_EXACT_ALARM" /> <!-- Required by older versions of Google Play services to create IID tokens -->
22-->[:flutter_local_notifications] AndroidManifest.xml:12:5-79
22-->[:flutter_local_notifications] AndroidManifest.xml:12:22-76
23    <uses-permission android:name="com.google.android.c2dm.permission.RECEIVE" />
23-->[com.google.firebase:firebase-iid:21.1.0] AndroidManifest.xml:26:5-82
23-->[com.google.firebase:firebase-iid:21.1.0] AndroidManifest.xml:26:22-79
24    <uses-permission android:name="com.google.android.gms.permission.AD_ID" />
24-->[com.google.android.gms:play-services-measurement-api:21.3.0] AndroidManifest.xml:25:5-79
24-->[com.google.android.gms:play-services-measurement-api:21.3.0] AndroidManifest.xml:25:22-76
25    <uses-permission android:name="com.google.android.finsky.permission.BIND_GET_INSTALL_REFERRER_SERVICE" />
25-->[com.google.android.gms:play-services-measurement:21.3.0] AndroidManifest.xml:26:5-110
25-->[com.google.android.gms:play-services-measurement:21.3.0] AndroidManifest.xml:26:22-107
26
27    <application
28        android:name="android.app.Application"
29        android:appComponentFactory="androidx.core.app.CoreComponentFactory"
29-->[androidx.core:core:1.6.0] AndroidManifest.xml:24:18-86
30        android:debuggable="true"
31        android:icon="@mipmap/ic_launcher"
32        android:label="food_express" >
33        <activity
34            android:name="com.example.food_express.MainActivity"
35            android:configChanges="orientation|keyboardHidden|keyboard|screenSize|smallestScreenSize|locale|layoutDirection|fontScale|screenLayout|density|uiMode"
36            android:exported="true"
37            android:hardwareAccelerated="true"
38            android:launchMode="singleTop"
39            android:theme="@style/LaunchTheme"
40            android:windowSoftInputMode="adjustResize" >
41
42            <!--
43                 Specifies an Android theme to apply to this Activity as soon as
44                 the Android process has started. This theme is visible to the user
45                 while the Flutter UI initializes. After that, this theme continues
46                 to determine the Window background behind the Flutter UI.
47            -->
48            <meta-data
49                android:name="io.flutter.embedding.android.NormalTheme"
50                android:resource="@mipmap/ic_launcher" />
51
52            <intent-filter>
53                <action android:name="android.intent.action.MAIN" />
54
55                <category android:name="android.intent.category.LAUNCHER" />
56            </intent-filter>
57        </activity>
58        <!--
59             Don't delete the meta-data below.
60             This is used by the Flutter tool to generate GeneratedPluginRegistrant.java
61        -->
62        <meta-data
63            android:name="flutterEmbedding"
64            android:value="2" />
65
66        <service
66-->[:firebase_analytics] AndroidManifest.xml:14:9-18:19
67            android:name="com.google.firebase.components.ComponentDiscoveryService"
67-->[:firebase_analytics] AndroidManifest.xml:14:18-89
68            android:directBootAware="true"
68-->[com.google.firebase:firebase-common:20.3.3] AndroidManifest.xml:34:13-43
69            android:exported="false" >
69-->[com.google.firebase:firebase-iid:21.1.0] AndroidManifest.xml:31:13-37
70            <meta-data
70-->[:firebase_analytics] AndroidManifest.xml:15:13-17:85
71                android:name="com.google.firebase.components:io.flutter.plugins.firebase.analytics.FlutterFirebaseAppRegistrar"
71-->[:firebase_analytics] AndroidManifest.xml:16:17-128
72                android:value="com.google.firebase.components.ComponentRegistrar" />
72-->[:firebase_analytics] AndroidManifest.xml:17:17-82
73            <meta-data
73-->[:firebase_messaging] AndroidManifest.xml:38:13-40:85
74                android:name="com.google.firebase.components:io.flutter.plugins.firebase.messaging.FlutterFirebaseAppRegistrar"
74-->[:firebase_messaging] AndroidManifest.xml:39:17-128
75                android:value="com.google.firebase.components.ComponentRegistrar" />
75-->[:firebase_messaging] AndroidManifest.xml:40:17-82
76            <meta-data
76-->[:firebase_core] AndroidManifest.xml:11:13-13:85
77                android:name="com.google.firebase.components:io.flutter.plugins.firebase.core.FlutterFirebaseCoreRegistrar"
77-->[:firebase_core] AndroidManifest.xml:12:17-124
78                android:value="com.google.firebase.components.ComponentRegistrar" />
78-->[:firebase_core] AndroidManifest.xml:13:17-82
79            <meta-data
79-->[com.google.firebase:firebase-iid:21.1.0] AndroidManifest.xml:32:13-34:85
80                android:name="com.google.firebase.components:com.google.firebase.iid.Registrar"
80-->[com.google.firebase:firebase-iid:21.1.0] AndroidManifest.xml:33:17-96
81                android:value="com.google.firebase.components.ComponentRegistrar" />
81-->[com.google.firebase:firebase-iid:21.1.0] AndroidManifest.xml:34:17-82
82            <meta-data
82-->[com.google.firebase:firebase-messaging:23.2.0] AndroidManifest.xml:55:13-57:85
83                android:name="com.google.firebase.components:com.google.firebase.messaging.FirebaseMessagingRegistrar"
83-->[com.google.firebase:firebase-messaging:23.2.0] AndroidManifest.xml:56:17-119
84                android:value="com.google.firebase.components.ComponentRegistrar" />
84-->[com.google.firebase:firebase-messaging:23.2.0] AndroidManifest.xml:57:17-82
85            <meta-data
85-->[com.google.android.gms:play-services-measurement-api:21.3.0] AndroidManifest.xml:31:13-33:85
86                android:name="com.google.firebase.components:com.google.firebase.analytics.connector.internal.AnalyticsConnectorRegistrar"
86-->[com.google.android.gms:play-services-measurement-api:21.3.0] AndroidManifest.xml:32:17-139
87                android:value="com.google.firebase.components.ComponentRegistrar" />
87-->[com.google.android.gms:play-services-measurement-api:21.3.0] AndroidManifest.xml:33:17-82
88            <meta-data
88-->[com.google.firebase:firebase-installations:17.1.3] AndroidManifest.xml:17:13-19:85
89                android:name="com.google.firebase.components:com.google.firebase.installations.FirebaseInstallationsRegistrar"
89-->[com.google.firebase:firebase-installations:17.1.3] AndroidManifest.xml:18:17-127
90                android:value="com.google.firebase.components.ComponentRegistrar" />
90-->[com.google.firebase:firebase-installations:17.1.3] AndroidManifest.xml:19:17-82
91            <meta-data
91-->[com.google.firebase:firebase-datatransport:18.1.7] AndroidManifest.xml:27:13-29:85
92                android:name="com.google.firebase.components:com.google.firebase.datatransport.TransportRegistrar"
92-->[com.google.firebase:firebase-datatransport:18.1.7] AndroidManifest.xml:28:17-115
93                android:value="com.google.firebase.components.ComponentRegistrar" />
93-->[com.google.firebase:firebase-datatransport:18.1.7] AndroidManifest.xml:29:17-82
94        </service>
95        <service
95-->[:firebase_messaging] AndroidManifest.xml:16:9-19:72
96            android:name="io.flutter.plugins.firebase.messaging.FlutterFirebaseMessagingBackgroundService"
96-->[:firebase_messaging] AndroidManifest.xml:17:13-107
97            android:exported="false"
97-->[:firebase_messaging] AndroidManifest.xml:18:13-37
98            android:permission="android.permission.BIND_JOB_SERVICE" />
98-->[:firebase_messaging] AndroidManifest.xml:19:13-69
99        <service
99-->[:firebase_messaging] AndroidManifest.xml:20:9-26:19
100            android:name="io.flutter.plugins.firebase.messaging.FlutterFirebaseMessagingService"
100-->[:firebase_messaging] AndroidManifest.xml:21:13-97
101            android:exported="false" >
101-->[:firebase_messaging] AndroidManifest.xml:22:13-37
102            <intent-filter>
102-->[:firebase_messaging] AndroidManifest.xml:23:13-25:29
103                <action android:name="com.google.firebase.MESSAGING_EVENT" />
103-->[:firebase_messaging] AndroidManifest.xml:24:17-78
103-->[:firebase_messaging] AndroidManifest.xml:24:25-75
104            </intent-filter>
105        </service>
106
107        <receiver
107-->[:firebase_messaging] AndroidManifest.xml:28:9-35:20
108            android:name="io.flutter.plugins.firebase.messaging.FlutterFirebaseMessagingReceiver"
108-->[:firebase_messaging] AndroidManifest.xml:29:13-98
109            android:exported="true"
109-->[:firebase_messaging] AndroidManifest.xml:30:13-36
110            android:permission="com.google.android.c2dm.permission.SEND" >
110-->[:firebase_messaging] AndroidManifest.xml:31:13-73
111            <intent-filter>
111-->[:firebase_messaging] AndroidManifest.xml:32:13-34:29
112                <action android:name="com.google.android.c2dm.intent.RECEIVE" />
112-->[:firebase_messaging] AndroidManifest.xml:33:17-81
112-->[:firebase_messaging] AndroidManifest.xml:33:25-78
113            </intent-filter>
114        </receiver>
115
116        <provider
116-->[:firebase_messaging] AndroidManifest.xml:43:9-47:38
117            android:name="io.flutter.plugins.firebase.messaging.FlutterFirebaseMessagingInitProvider"
117-->[:firebase_messaging] AndroidManifest.xml:44:13-102
118            android:authorities="com.example.food_express.flutterfirebasemessaginginitprovider"
118-->[:firebase_messaging] AndroidManifest.xml:45:13-88
119            android:exported="false"
119-->[:firebase_messaging] AndroidManifest.xml:46:13-37
120            android:initOrder="99" />
120-->[:firebase_messaging] AndroidManifest.xml:47:13-35
121
122        <receiver
122-->[:flutter_local_notifications] AndroidManifest.xml:16:9-18:40
123            android:name="com.dexterous.flutterlocalnotifications.ActionBroadcastReceiver"
123-->[:flutter_local_notifications] AndroidManifest.xml:17:13-91
124            android:exported="false" />
124-->[:flutter_local_notifications] AndroidManifest.xml:18:13-37
125        <receiver
125-->[:flutter_local_notifications] AndroidManifest.xml:19:9-21:40
126            android:name="com.dexterous.flutterlocalnotifications.ScheduledNotificationReceiver"
126-->[:flutter_local_notifications] AndroidManifest.xml:20:13-97
127            android:exported="false" />
127-->[:flutter_local_notifications] AndroidManifest.xml:21:13-37
128        <receiver
128-->[:flutter_local_notifications] AndroidManifest.xml:22:9-31:20
129            android:name="com.dexterous.flutterlocalnotifications.ScheduledNotificationBootReceiver"
129-->[:flutter_local_notifications] AndroidManifest.xml:23:13-101
130            android:exported="false" >
130-->[:flutter_local_notifications] AndroidManifest.xml:24:13-37
131            <intent-filter>
131-->[:flutter_local_notifications] AndroidManifest.xml:25:13-30:29
132                <action android:name="android.intent.action.BOOT_COMPLETED" />
132-->[:flutter_local_notifications] AndroidManifest.xml:26:17-79
132-->[:flutter_local_notifications] AndroidManifest.xml:26:25-76
133                <action android:name="android.intent.action.MY_PACKAGE_REPLACED" />
133-->[:flutter_local_notifications] AndroidManifest.xml:27:17-84
133-->[:flutter_local_notifications] AndroidManifest.xml:27:25-81
134                <action android:name="android.intent.action.QUICKBOOT_POWERON" />
134-->[:flutter_local_notifications] AndroidManifest.xml:28:17-82
134-->[:flutter_local_notifications] AndroidManifest.xml:28:25-79
135                <action android:name="com.htc.intent.action.QUICKBOOT_POWERON" />
135-->[:flutter_local_notifications] AndroidManifest.xml:29:17-82
135-->[:flutter_local_notifications] AndroidManifest.xml:29:25-79
136            </intent-filter>
137        </receiver>
138
139        <uses-library
139-->[androidx.window:window:1.0.0-beta04] AndroidManifest.xml:25:9-27:40
140            android:name="androidx.window.extensions"
140-->[androidx.window:window:1.0.0-beta04] AndroidManifest.xml:26:13-54
141            android:required="false" />
141-->[androidx.window:window:1.0.0-beta04] AndroidManifest.xml:27:13-37
142        <uses-library
142-->[androidx.window:window:1.0.0-beta04] AndroidManifest.xml:28:9-30:40
143            android:name="androidx.window.sidecar"
143-->[androidx.window:window:1.0.0-beta04] AndroidManifest.xml:29:13-51
144            android:required="false" />
144-->[androidx.window:window:1.0.0-beta04] AndroidManifest.xml:30:13-37
145
146        <receiver
146-->[com.google.firebase:firebase-messaging:23.2.0] AndroidManifest.xml:31:9-38:20
147            android:name="com.google.firebase.iid.FirebaseInstanceIdReceiver"
147-->[com.google.firebase:firebase-messaging:23.2.0] AndroidManifest.xml:32:13-78
148            android:exported="true"
148-->[com.google.firebase:firebase-messaging:23.2.0] AndroidManifest.xml:33:13-36
149            android:permission="com.google.android.c2dm.permission.SEND" >
149-->[com.google.firebase:firebase-messaging:23.2.0] AndroidManifest.xml:34:13-73
150            <intent-filter>
150-->[:firebase_messaging] AndroidManifest.xml:32:13-34:29
151                <action android:name="com.google.android.c2dm.intent.RECEIVE" />
151-->[:firebase_messaging] AndroidManifest.xml:33:17-81
151-->[:firebase_messaging] AndroidManifest.xml:33:25-78
152            </intent-filter>
153        </receiver>
154        <!--
155             FirebaseMessagingService performs security checks at runtime,
156             but set to not exported to explicitly avoid allowing another app to call it.
157        -->
158        <service
158-->[com.google.firebase:firebase-messaging:23.2.0] AndroidManifest.xml:44:9-51:19
159            android:name="com.google.firebase.messaging.FirebaseMessagingService"
159-->[com.google.firebase:firebase-messaging:23.2.0] AndroidManifest.xml:45:13-82
160            android:directBootAware="true"
160-->[com.google.firebase:firebase-messaging:23.2.0] AndroidManifest.xml:46:13-43
161            android:exported="false" >
161-->[com.google.firebase:firebase-messaging:23.2.0] AndroidManifest.xml:47:13-37
162            <intent-filter android:priority="-500" >
162-->[:firebase_messaging] AndroidManifest.xml:23:13-25:29
163                <action android:name="com.google.firebase.MESSAGING_EVENT" />
163-->[:firebase_messaging] AndroidManifest.xml:24:17-78
163-->[:firebase_messaging] AndroidManifest.xml:24:25-75
164            </intent-filter>
165        </service>
166
167        <provider
167-->[com.google.firebase:firebase-common:20.3.3] AndroidManifest.xml:25:9-30:39
168            android:name="com.google.firebase.provider.FirebaseInitProvider"
168-->[com.google.firebase:firebase-common:20.3.3] AndroidManifest.xml:26:13-77
169            android:authorities="com.example.food_express.firebaseinitprovider"
169-->[com.google.firebase:firebase-common:20.3.3] AndroidManifest.xml:27:13-72
170            android:directBootAware="true"
170-->[com.google.firebase:firebase-common:20.3.3] AndroidManifest.xml:28:13-43
171            android:exported="false"
171-->[com.google.firebase:firebase-common:20.3.3] AndroidManifest.xml:29:13-37
172            android:initOrder="100" />
172-->[com.google.firebase:firebase-common:20.3.3] AndroidManifest.xml:30:13-36
173
174        <receiver
174-->[com.google.android.gms:play-services-measurement:21.3.0] AndroidManifest.xml:29:9-33:20
175            android:name="com.google.android.gms.measurement.AppMeasurementReceiver"
175-->[com.google.android.gms:play-services-measurement:21.3.0] AndroidManifest.xml:30:13-85
176            android:enabled="true"
176-->[com.google.android.gms:play-services-measurement:21.3.0] AndroidManifest.xml:31:13-35
177            android:exported="false" >
177-->[com.google.android.gms:play-services-measurement:21.3.0] AndroidManifest.xml:32:13-37
178        </receiver>
179
180        <service
180-->[com.google.android.gms:play-services-measurement:21.3.0] AndroidManifest.xml:35:9-38:40
181            android:name="com.google.android.gms.measurement.AppMeasurementService"
181-->[com.google.android.gms:play-services-measurement:21.3.0] AndroidManifest.xml:36:13-84
182            android:enabled="true"
182-->[com.google.android.gms:play-services-measurement:21.3.0] AndroidManifest.xml:37:13-35
183            android:exported="false" />
183-->[com.google.android.gms:play-services-measurement:21.3.0] AndroidManifest.xml:38:13-37
184        <service
184-->[com.google.android.gms:play-services-measurement:21.3.0] AndroidManifest.xml:39:9-43:72
185            android:name="com.google.android.gms.measurement.AppMeasurementJobService"
185-->[com.google.android.gms:play-services-measurement:21.3.0] AndroidManifest.xml:40:13-87
186            android:enabled="true"
186-->[com.google.android.gms:play-services-measurement:21.3.0] AndroidManifest.xml:41:13-35
187            android:exported="false"
187-->[com.google.android.gms:play-services-measurement:21.3.0] AndroidManifest.xml:42:13-37
188            android:permission="android.permission.BIND_JOB_SERVICE" />
188-->[com.google.android.gms:play-services-measurement:21.3.0] AndroidManifest.xml:43:13-69
189
190        <activity
190-->[com.google.android.gms:play-services-base:18.0.1] AndroidManifest.xml:20:9-22:45
191            android:name="com.google.android.gms.common.api.GoogleApiActivity"
191-->[com.google.android.gms:play-services-base:18.0.1] AndroidManifest.xml:20:19-85
192            android:exported="false"
192-->[com.google.android.gms:play-services-base:18.0.1] AndroidManifest.xml:22:19-43
193            android:theme="@android:style/Theme.Translucent.NoTitleBar" />
193-->[com.google.android.gms:play-services-base:18.0.1] AndroidManifest.xml:21:19-78
194
195        <meta-data
195-->[com.google.android.gms:play-services-basement:18.1.0] AndroidManifest.xml:21:9-23:69
196            android:name="com.google.android.gms.version"
196-->[com.google.android.gms:play-services-basement:18.1.0] AndroidManifest.xml:22:13-58
197            android:value="@integer/google_play_services_version" />
197-->[com.google.android.gms:play-services-basement:18.1.0] AndroidManifest.xml:23:13-66
198
199        <service
199-->[com.google.android.datatransport:transport-backend-cct:3.1.8] AndroidManifest.xml:28:9-34:19
200            android:name="com.google.android.datatransport.runtime.backends.TransportBackendDiscovery"
200-->[com.google.android.datatransport:transport-backend-cct:3.1.8] AndroidManifest.xml:29:13-103
201            android:exported="false" >
201-->[com.google.android.datatransport:transport-backend-cct:3.1.8] AndroidManifest.xml:30:13-37
202            <meta-data
202-->[com.google.android.datatransport:transport-backend-cct:3.1.8] AndroidManifest.xml:31:13-33:39
203                android:name="backend:com.google.android.datatransport.cct.CctBackendFactory"
203-->[com.google.android.datatransport:transport-backend-cct:3.1.8] AndroidManifest.xml:32:17-94
204                android:value="cct" />
204-->[com.google.android.datatransport:transport-backend-cct:3.1.8] AndroidManifest.xml:33:17-36
205        </service>
206        <service
206-->[com.google.android.datatransport:transport-runtime:3.1.8] AndroidManifest.xml:26:9-30:19
207            android:name="com.google.android.datatransport.runtime.scheduling.jobscheduling.JobInfoSchedulerService"
207-->[com.google.android.datatransport:transport-runtime:3.1.8] AndroidManifest.xml:27:13-117
208            android:exported="false"
208-->[com.google.android.datatransport:transport-runtime:3.1.8] AndroidManifest.xml:28:13-37
209            android:permission="android.permission.BIND_JOB_SERVICE" >
209-->[com.google.android.datatransport:transport-runtime:3.1.8] AndroidManifest.xml:29:13-69
210        </service>
211
212        <receiver
212-->[com.google.android.datatransport:transport-runtime:3.1.8] AndroidManifest.xml:32:9-34:40
213            android:name="com.google.android.datatransport.runtime.scheduling.jobscheduling.AlarmManagerSchedulerBroadcastReceiver"
213-->[com.google.android.datatransport:transport-runtime:3.1.8] AndroidManifest.xml:33:13-132
214            android:exported="false" />
214-->[com.google.android.datatransport:transport-runtime:3.1.8] AndroidManifest.xml:34:13-37
215    </application>
216
217</manifest>